<?xml version="1.0" encoding="UTF-8"?>
<!-- Generated by org.testng.reporters.JUnitReportReporter -->
<testsuite skipped="0" hostname="RDS01" name="TestNG.NewTest4" tests="1" failures="0" timestamp="2020-04-18T21:20:15 CEST" time="8.507" errors="0">
  <testcase name="verifytitle1" time="8.507" classname="TestNG.NewTest4"/>
  <system-out/>
</testsuite> <!-- TestNG.NewTest4 -->
